<?xml version="1.0" encoding="UTF-8"?>
<testng-results skipped="0" failed="0" ignored="0" total="1" passed="1">
  <reporter-output>
  </reporter-output>
  <suite name="TestSuite" duration-ms="20502" started-at="2020-06-24T12:45:05Z" finished-at="2020-06-24T12:45:26Z">
    <groups>
    </groups>
    <test name="Test1" duration-ms="20502" started-at="2020-06-24T12:45:05Z" finished-at="2020-06-24T12:45:26Z">
      <class name="com.regression.TestSuite1">
        <test-method status="PASS" signature="runTestCase1()[pri:0, instance:com.regression.TestSuite1@30c7da1e]" name="runTestCase1" duration-ms="20444" started-at="2020-06-24T12:45:05Z" finished-at="2020-06-24T12:45:26Z">
          <reporter-output>
          </reporter-output>
        </test-method> <!-- runTestCase1 -->
      </class> <!-- com.regression.TestSuite1 -->
    </test> <!-- Test1 -->
  </suite> <!-- TestSuite -->
</testng-results>
